ONLYOFFICE_FONTS_VERSION_5
/opt/onlyoffice/desktopeditors/fonts/ASANA.TTC
/opt/onlyoffice/desktopeditors/fonts/Carlito-Bold.ttf
/opt/onlyoffice/desktopeditors/fonts/Carlito-BoldItalic.ttf
/opt/onlyoffice/desktopeditors/fonts/Carlito-Italic.ttf
/opt/onlyoffice/desktopeditors/fonts/Carlito-Regular.ttf
/opt/onlyoffice/desktopeditors/fonts/Comic_Sans_MS.ttf
/opt/onlyoffice/desktopeditors/fonts/Comic_Sans_MS_Bold.ttf
/opt/onlyoffice/desktopeditors/fonts/LICENSE.txt
/opt/onlyoffice/desktopeditors/fonts/OpenSans-Bold.ttf
/opt/onlyoffice/desktopeditors/fonts/OpenSans-BoldItalic.ttf
/opt/onlyoffice/desktopeditors/fonts/OpenSans-ExtraBold.ttf
/opt/onlyoffice/desktopeditors/fonts/OpenSans-ExtraBoldItalic.ttf
/opt/onlyoffice/desktopeditors/fonts/OpenSans-Italic.ttf
/opt/onlyoffice/desktopeditors/fonts/OpenSans-Light.ttf
/opt/onlyoffice/desktopeditors/fonts/OpenSans-LightItalic.ttf
/opt/onlyoffice/desktopeditors/fonts/OpenSans-Regular.ttf
/opt/onlyoffice/desktopeditors/fonts/OpenSans-Semibold.ttf
/opt/onlyoffice/desktopeditors/fonts/OpenSans-SemiboldItalic.ttf
/opt/onlyoffice/desktopeditors/fonts/ariblk.ttf
/opt/onlyoffice/desktopeditors/fonts/caladea-bold.ttf
/opt/onlyoffice/desktopeditors/fonts/caladea-bolditalic.ttf
/opt/onlyoffice/desktopeditors/fonts/caladea-italic.ttf
/opt/onlyoffice/desktopeditors/fonts/caladea-regular.ttf
/usr/share/fonts/.uuid
/usr/share/fonts/100dpi/.uuid
/usr/share/fonts/100dpi/fonts.alias
/usr/share/fonts/75dpi/.uuid
/usr/share/fonts/75dpi/fonts.alias
/usr/share/fonts/corefonts/.uuid
/usr/share/fonts/corefonts/andalemo.ttf
/usr/share/fonts/corefonts/arial.ttf
/usr/share/fonts/corefonts/arialbd.ttf
/usr/share/fonts/corefonts/arialbi.ttf
/usr/share/fonts/corefonts/ariali.ttf
/usr/share/fonts/corefonts/ariblk.ttf
/usr/share/fonts/corefonts/comic.ttf
/usr/share/fonts/corefonts/comicbd.ttf
/usr/share/fonts/corefonts/cour.ttf
/usr/share/fonts/corefonts/courbd.ttf
/usr/share/fonts/corefonts/courbi.ttf
/usr/share/fonts/corefonts/couri.ttf
/usr/share/fonts/corefonts/encodings.dir
/usr/share/fonts/corefonts/fonts.dir
/usr/share/fonts/corefonts/fonts.scale
/usr/share/fonts/corefonts/georgia.ttf
/usr/share/fonts/corefonts/georgiab.ttf
/usr/share/fonts/corefonts/georgiai.ttf
/usr/share/fonts/corefonts/georgiaz.ttf
/usr/share/fonts/corefonts/impact.ttf
/usr/share/fonts/corefonts/times.ttf
/usr/share/fonts/corefonts/timesbd.ttf
/usr/share/fonts/corefonts/timesbi.ttf
/usr/share/fonts/corefonts/timesi.ttf
/usr/share/fonts/corefonts/trebuc.ttf
/usr/share/fonts/corefonts/trebucbd.ttf
/usr/share/fonts/corefonts/trebucbi.ttf
/usr/share/fonts/corefonts/trebucit.ttf
/usr/share/fonts/corefonts/verdana.ttf
/usr/share/fonts/corefonts/verdanab.ttf
/usr/share/fonts/corefonts/verdanai.ttf
/usr/share/fonts/corefonts/verdanaz.ttf
/usr/share/fonts/corefonts/webdings.ttf
/usr/share/fonts/cyrillic/.uuid
/usr/share/fonts/cyrillic/fonts.alias
/usr/share/fonts/default/.uuid
/usr/share/fonts/dejavu/.uuid
/usr/share/fonts/dejavu/DejaVuMathTeXGyre.ttf
/usr/share/fonts/dejavu/DejaVuSans-Bold.ttf
/usr/share/fonts/dejavu/DejaVuSans-BoldOblique.ttf
/usr/share/fonts/dejavu/DejaVuSans-ExtraLight.ttf
/usr/share/fonts/dejavu/DejaVuSans-Oblique.ttf
/usr/share/fonts/dejavu/DejaVuSans.ttf
/usr/share/fonts/dejavu/DejaVuSansCondensed-Bold.ttf
/usr/share/fonts/dejavu/DejaVuSansCondensed-BoldOblique.ttf
/usr/share/fonts/dejavu/DejaVuSansCondensed-Oblique.ttf
/usr/share/fonts/dejavu/DejaVuSansCondensed.ttf
/usr/share/fonts/dejavu/DejaVuSansMono-Bold.ttf
/usr/share/fonts/dejavu/DejaVuSansMono-BoldOblique.ttf
/usr/share/fonts/dejavu/DejaVuSansMono-Oblique.ttf
/usr/share/fonts/dejavu/DejaVuSansMono.ttf
/usr/share/fonts/dejavu/DejaVuSerif-Bold.ttf
/usr/share/fonts/dejavu/DejaVuSerif-BoldItalic.ttf
/usr/share/fonts/dejavu/DejaVuSerif-Italic.ttf
/usr/share/fonts/dejavu/DejaVuSerif.ttf
/usr/share/fonts/dejavu/DejaVuSerifCondensed-Bold.ttf
/usr/share/fonts/dejavu/DejaVuSerifCondensed-BoldItalic.ttf
/usr/share/fonts/dejavu/DejaVuSerifCondensed-Italic.ttf
/usr/share/fonts/dejavu/DejaVuSerifCondensed.ttf
/usr/share/fonts/dejavu/encodings.dir
/usr/share/fonts/dejavu/fonts.dir
/usr/share/fonts/dejavu/fonts.scale
/usr/share/fonts/droid/.uuid
/usr/share/fonts/droid/Clockopia.ttf
/usr/share/fonts/droid/DroidSans-Bold.ttf
/usr/share/fonts/droid/DroidSans.ttf
/usr/share/fonts/droid/DroidSansArabic.ttf
/usr/share/fonts/droid/DroidSansFallback.ttf
/usr/share/fonts/droid/DroidSansFallbackLegacy.ttf
/usr/share/fonts/droid/DroidSansHebrew.ttf
/usr/share/fonts/droid/DroidSansJapanese.ttf
/usr/share/fonts/droid/DroidSansMono.ttf
/usr/share/fonts/droid/DroidSansMonoDotted.ttf
/usr/share/fonts/droid/DroidSansMonoSlashed.ttf
/usr/share/fonts/droid/DroidSansThai.ttf
/usr/share/fonts/droid/DroidSerif-Bold.ttf
/usr/share/fonts/droid/DroidSerif-BoldItalic.ttf
/usr/share/fonts/droid/DroidSerif-Italic.ttf
/usr/share/fonts/droid/DroidSerif-Regular.ttf
/usr/share/fonts/droid/encodings.dir
/usr/share/fonts/droid/fonts.dir
/usr/share/fonts/droid/fonts.scale
/usr/share/fonts/encodings/.uuid
/usr/share/fonts/encodings/adobe-dingbats.enc.gz
/usr/share/fonts/encodings/adobe-standard.enc.gz
/usr/share/fonts/encodings/adobe-symbol.enc.gz
/usr/share/fonts/encodings/armscii-8.enc.gz
/usr/share/fonts/encodings/ascii-0.enc.gz
/usr/share/fonts/encodings/dec-special.enc.gz
/usr/share/fonts/encodings/encodings.dir
/usr/share/fonts/encodings/ibm-cp437.enc.gz
/usr/share/fonts/encodings/ibm-cp850.enc.gz
/usr/share/fonts/encodings/ibm-cp852.enc.gz
/usr/share/fonts/encodings/ibm-cp866.enc.gz
/usr/share/fonts/encodings/iso8859-11.enc.gz
/usr/share/fonts/encodings/iso8859-13.enc.gz
/usr/share/fonts/encodings/iso8859-16.enc.gz
/usr/share/fonts/encodings/iso8859-6.16.enc.gz
/usr/share/fonts/encodings/iso8859-6.8x.enc.gz
/usr/share/fonts/encodings/large/.uuid
/usr/share/fonts/encodings/large/big5.eten-0.enc.gz
/usr/share/fonts/encodings/large/big5hkscs-0.enc.gz
/usr/share/fonts/encodings/large/cns11643-1.enc.gz
/usr/share/fonts/encodings/large/cns11643-2.enc.gz
/usr/share/fonts/encodings/large/cns11643-3.enc.gz
/usr/share/fonts/encodings/large/encodings.dir
/usr/share/fonts/encodings/large/gb18030-0.enc.gz
/usr/share/fonts/encodings/large/gb18030.2000-0.enc.gz
/usr/share/fonts/encodings/large/gb18030.2000-1.enc.gz
/usr/share/fonts/encodings/large/gb2312.1980-0.enc.gz
/usr/share/fonts/encodings/large/gbk-0.enc.gz
/usr/share/fonts/encodings/large/jisx0201.1976-0.enc.gz
/usr/share/fonts/encodings/large/jisx0208.1990-0.enc.gz
/usr/share/fonts/encodings/large/jisx0212.1990-0.enc.gz
/usr/share/fonts/encodings/large/ksc5601.1987-0.enc.gz
/usr/share/fonts/encodings/large/ksc5601.1992-3.enc.gz
/usr/share/fonts/encodings/large/sun.unicode.india-0.enc.gz
/usr/share/fonts/encodings/microsoft-cp1250.enc.gz
/usr/share/fonts/encodings/microsoft-cp1251.enc.gz
/usr/share/fonts/encodings/microsoft-cp1252.enc.gz
/usr/share/fonts/encodings/microsoft-cp1253.enc.gz
/usr/share/fonts/encodings/microsoft-cp1254.enc.gz
/usr/share/fonts/encodings/microsoft-cp1255.enc.gz
/usr/share/fonts/encodings/microsoft-cp1256.enc.gz
/usr/share/fonts/encodings/microsoft-cp1257.enc.gz
/usr/share/fonts/encodings/microsoft-cp1258.enc.gz
/usr/share/fonts/encodings/microsoft-win3.1.enc.gz
/usr/share/fonts/encodings/mulearabic-0.enc.gz
/usr/share/fonts/encodings/mulearabic-1.enc.gz
/usr/share/fonts/encodings/mulearabic-2.enc.gz
/usr/share/fonts/encodings/mulelao-1.enc.gz
/usr/share/fonts/encodings/suneu-greek.enc.gz
/usr/share/fonts/encodings/tcvn-0.enc.gz
/usr/share/fonts/encodings/tis620-2.enc.gz
/usr/share/fonts/encodings/viscii1.1-1.enc.gz
/usr/share/fonts/liberation-fonts/.uuid
/usr/share/fonts/libertine/.uuid
/usr/share/fonts/misc/.uuid
/usr/share/fonts/misc/10x20-ISO8859-1.pcf.gz
/usr/share/fonts/misc/10x20-ISO8859-10.pcf.gz
/usr/share/fonts/misc/10x20-ISO8859-11.pcf.gz
/usr/share/fonts/misc/10x20-ISO8859-13.pcf.gz
/usr/share/fonts/misc/10x20-ISO8859-14.pcf.gz
/usr/share/fonts/misc/10x20-ISO8859-15.pcf.gz
/usr/share/fonts/misc/10x20-ISO8859-16.pcf.gz
/usr/share/fonts/misc/10x20-ISO8859-2.pcf.gz
/usr/share/fonts/misc/10x20-ISO8859-3.pcf.gz
/usr/share/fonts/misc/10x20-ISO8859-4.pcf.gz
/usr/share/fonts/misc/10x20-ISO8859-5.pcf.gz
/usr/share/fonts/misc/10x20-ISO8859-7.pcf.gz
/usr/share/fonts/misc/10x20-ISO8859-8.pcf.gz
/usr/share/fonts/misc/10x20-ISO8859-9.pcf.gz
/usr/share/fonts/misc/10x20-KOI8-R.pcf.gz
/usr/share/fonts/misc/10x20.pcf.gz
/usr/share/fonts/misc/12x13ja.pcf.gz
/usr/share/fonts/misc/18x18ja.pcf.gz
/usr/share/fonts/misc/18x18ko.pcf.gz
/usr/share/fonts/misc/4x6-ISO8859-1.pcf.gz
/usr/share/fonts/misc/4x6-ISO8859-10.pcf.gz
/usr/share/fonts/misc/4x6-ISO8859-13.pcf.gz
/usr/share/fonts/misc/4x6-ISO8859-14.pcf.gz
/usr/share/fonts/misc/4x6-ISO8859-15.pcf.gz
/usr/share/fonts/misc/4x6-ISO8859-16.pcf.gz
/usr/share/fonts/misc/4x6-ISO8859-2.pcf.gz
/usr/share/fonts/misc/4x6-ISO8859-3.pcf.gz
/usr/share/fonts/misc/4x6-ISO8859-4.pcf.gz
/usr/share/fonts/misc/4x6-ISO8859-5.pcf.gz
/usr/share/fonts/misc/4x6-ISO8859-7.pcf.gz
/usr/share/fonts/misc/4x6-ISO8859-8.pcf.gz
/usr/share/fonts/misc/4x6-ISO8859-9.pcf.gz
/usr/share/fonts/misc/4x6-KOI8-R.pcf.gz
/usr/share/fonts/misc/4x6.pcf.gz
/usr/share/fonts/misc/5x7-ISO8859-1.pcf.gz
/usr/share/fonts/misc/5x7-ISO8859-10.pcf.gz
/usr/share/fonts/misc/5x7-ISO8859-13.pcf.gz
/usr/share/fonts/misc/5x7-ISO8859-14.pcf.gz
/usr/share/fonts/misc/5x7-ISO8859-15.pcf.gz
/usr/share/fonts/misc/5x7-ISO8859-16.pcf.gz
/usr/share/fonts/misc/5x7-ISO8859-2.pcf.gz
/usr/share/fonts/misc/5x7-ISO8859-3.pcf.gz
/usr/share/fonts/misc/5x7-ISO8859-4.pcf.gz
/usr/share/fonts/misc/5x7-ISO8859-5.pcf.gz
/usr/share/fonts/misc/5x7-ISO8859-7.pcf.gz
/usr/share/fonts/misc/5x7-ISO8859-8.pcf.gz
/usr/share/fonts/misc/5x7-ISO8859-9.pcf.gz
/usr/share/fonts/misc/5x7-KOI8-R.pcf.gz
/usr/share/fonts/misc/5x7.pcf.gz
/usr/share/fonts/misc/5x8-ISO8859-1.pcf.gz
/usr/share/fonts/misc/5x8-ISO8859-10.pcf.gz
/usr/share/fonts/misc/5x8-ISO8859-13.pcf.gz
/usr/share/fonts/misc/5x8-ISO8859-14.pcf.gz
/usr/share/fonts/misc/5x8-ISO8859-15.pcf.gz
/usr/share/fonts/misc/5x8-ISO8859-16.pcf.gz
/usr/share/fonts/misc/5x8-ISO8859-2.pcf.gz
/usr/share/fonts/misc/5x8-ISO8859-3.pcf.gz
/usr/share/fonts/misc/5x8-ISO8859-4.pcf.gz
/usr/share/fonts/misc/5x8-ISO8859-5.pcf.gz
/usr/share/fonts/misc/5x8-ISO8859-7.pcf.gz
/usr/share/fonts/misc/5x8-ISO8859-8.pcf.gz
/usr/share/fonts/misc/5x8-ISO8859-9.pcf.gz
/usr/share/fonts/misc/5x8-KOI8-R.pcf.gz
/usr/share/fonts/misc/5x8.pcf.gz
/usr/share/fonts/misc/6x10-ISO8859-1.pcf.gz
/usr/share/fonts/misc/6x10-ISO8859-10.pcf.gz
/usr/share/fonts/misc/6x10-ISO8859-13.pcf.gz
/usr/share/fonts/misc/6x10-ISO8859-14.pcf.gz
/usr/share/fonts/misc/6x10-ISO8859-15.pcf.gz
/usr/share/fonts/misc/6x10-ISO8859-16.pcf.gz
/usr/share/fonts/misc/6x10-ISO8859-2.pcf.gz
/usr/share/fonts/misc/6x10-ISO8859-3.pcf.gz
/usr/share/fonts/misc/6x10-ISO8859-4.pcf.gz
/usr/share/fonts/misc/6x10-ISO8859-5.pcf.gz
/usr/share/fonts/misc/6x10-ISO8859-7.pcf.gz
/usr/share/fonts/misc/6x10-ISO8859-8.pcf.gz
/usr/share/fonts/misc/6x10-ISO8859-9.pcf.gz
/usr/share/fonts/misc/6x10-KOI8-R.pcf.gz
/usr/share/fonts/misc/6x10.pcf.gz
/usr/share/fonts/misc/6x12-ISO8859-1.pcf.gz
/usr/share/fonts/misc/6x12-ISO8859-10.pcf.gz
/usr/share/fonts/misc/6x12-ISO8859-13.pcf.gz
/usr/share/fonts/misc/6x12-ISO8859-14.pcf.gz
/usr/share/fonts/misc/6x12-ISO8859-15.pcf.gz
/usr/share/fonts/misc/6x12-ISO8859-16.pcf.gz
/usr/share/fonts/misc/6x12-ISO8859-2.pcf.gz
/usr/share/fonts/misc/6x12-ISO8859-3.pcf.gz
/usr/share/fonts/misc/6x12-ISO8859-4.pcf.gz
/usr/share/fonts/misc/6x12-ISO8859-5.pcf.gz
/usr/share/fonts/misc/6x12-ISO8859-7.pcf.gz
/usr/share/fonts/misc/6x12-ISO8859-8.pcf.gz
/usr/share/fonts/misc/6x12-ISO8859-9.pcf.gz
/usr/share/fonts/misc/6x12-KOI8-R.pcf.gz
/usr/share/fonts/misc/6x12.pcf.gz
/usr/share/fonts/misc/6x13-ISO8859-1.pcf.gz
/usr/share/fonts/misc/6x13-ISO8859-10.pcf.gz
/usr/share/fonts/misc/6x13-ISO8859-11.pcf.gz
/usr/share/fonts/misc/6x13-ISO8859-13.pcf.gz
/usr/share/fonts/misc/6x13-ISO8859-14.pcf.gz
/usr/share/fonts/misc/6x13-ISO8859-15.pcf.gz
/usr/share/fonts/misc/6x13-ISO8859-16.pcf.gz
/usr/share/fonts/misc/6x13-ISO8859-2.pcf.gz
/usr/share/fonts/misc/6x13-ISO8859-3.pcf.gz
/usr/share/fonts/misc/6x13-ISO8859-4.pcf.gz
/usr/share/fonts/misc/6x13-ISO8859-5.pcf.gz
/usr/share/fonts/misc/6x13-ISO8859-7.pcf.gz
/usr/share/fonts/misc/6x13-ISO8859-8.pcf.gz
/usr/share/fonts/misc/6x13-ISO8859-9.pcf.gz
/usr/share/fonts/misc/6x13-KOI8-R.pcf.gz
/usr/share/fonts/misc/6x13.pcf.gz
/usr/share/fonts/misc/6x13B-ISO8859-1.pcf.gz
/usr/share/fonts/misc/6x13B-ISO8859-10.pcf.gz
/usr/share/fonts/misc/6x13B-ISO8859-13.pcf.gz
/usr/share/fonts/misc/6x13B-ISO8859-14.pcf.gz
/usr/share/fonts/misc/6x13B-ISO8859-15.pcf.gz
/usr/share/fonts/misc/6x13B-ISO8859-16.pcf.gz
/usr/share/fonts/misc/6x13B-ISO8859-2.pcf.gz
/usr/share/fonts/misc/6x13B-ISO8859-3.pcf.gz
/usr/share/fonts/misc/6x13B-ISO8859-4.pcf.gz
/usr/share/fonts/misc/6x13B-ISO8859-5.pcf.gz
/usr/share/fonts/misc/6x13B-ISO8859-7.pcf.gz
/usr/share/fonts/misc/6x13B-ISO8859-8.pcf.gz
/usr/share/fonts/misc/6x13B-ISO8859-9.pcf.gz
/usr/share/fonts/misc/6x13B.pcf.gz
/usr/share/fonts/misc/6x13O-ISO8859-1.pcf.gz
/usr/share/fonts/misc/6x13O-ISO8859-10.pcf.gz
/usr/share/fonts/misc/6x13O-ISO8859-13.pcf.gz
/usr/share/fonts/misc/6x13O-ISO8859-14.pcf.gz
/usr/share/fonts/misc/6x13O-ISO8859-15.pcf.gz
/usr/share/fonts/misc/6x13O-ISO8859-16.pcf.gz
/usr/share/fonts/misc/6x13O-ISO8859-2.pcf.gz
/usr/share/fonts/misc/6x13O-ISO8859-3.pcf.gz
/usr/share/fonts/misc/6x13O-ISO8859-4.pcf.gz
/usr/share/fonts/misc/6x13O-ISO8859-5.pcf.gz
/usr/share/fonts/misc/6x13O-ISO8859-7.pcf.gz
/usr/share/fonts/misc/6x13O-ISO8859-9.pcf.gz
/usr/share/fonts/misc/6x13O.pcf.gz
/usr/share/fonts/misc/6x9-ISO8859-1.pcf.gz
/usr/share/fonts/misc/6x9-ISO8859-10.pcf.gz
/usr/share/fonts/misc/6x9-ISO8859-13.pcf.gz
/usr/share/fonts/misc/6x9-ISO8859-14.pcf.gz
/usr/share/fonts/misc/6x9-ISO8859-15.pcf.gz
/usr/share/fonts/misc/6x9-ISO8859-16.pcf.gz
/usr/share/fonts/misc/6x9-ISO8859-2.pcf.gz
/usr/share/fonts/misc/6x9-ISO8859-3.pcf.gz
/usr/share/fonts/misc/6x9-ISO8859-4.pcf.gz
/usr/share/fonts/misc/6x9-ISO8859-5.pcf.gz
/usr/share/fonts/misc/6x9-ISO8859-7.pcf.gz
/usr/share/fonts/misc/6x9-ISO8859-8.pcf.gz
/usr/share/fonts/misc/6x9-ISO8859-9.pcf.gz
/usr/share/fonts/misc/6x9-KOI8-R.pcf.gz
/usr/share/fonts/misc/6x9.pcf.gz
/usr/share/fonts/misc/7x13-ISO8859-1.pcf.gz
/usr/share/fonts/misc/7x13-ISO8859-10.pcf.gz
/usr/share/fonts/misc/7x13-ISO8859-11.pcf.gz
/usr/share/fonts/misc/7x13-ISO8859-13.pcf.gz
/usr/share/fonts/misc/7x13-ISO8859-14.pcf.gz
/usr/share/fonts/misc/7x13-ISO8859-15.pcf.gz
/usr/share/fonts/misc/7x13-ISO8859-16.pcf.gz
/usr/share/fonts/misc/7x13-ISO8859-2.pcf.gz
/usr/share/fonts/misc/7x13-ISO8859-3.pcf.gz
/usr/share/fonts/misc/7x13-ISO8859-4.pcf.gz
/usr/share/fonts/misc/7x13-ISO8859-5.pcf.gz
/usr/share/fonts/misc/7x13-ISO8859-7.pcf.gz
/usr/share/fonts/misc/7x13-ISO8859-8.pcf.gz
/usr/share/fonts/misc/7x13-ISO8859-9.pcf.gz
/usr/share/fonts/misc/7x13-KOI8-R.pcf.gz
/usr/share/fonts/misc/7x13.pcf.gz
/usr/share/fonts/misc/7x13B-ISO8859-1.pcf.gz
/usr/share/fonts/misc/7x13B-ISO8859-10.pcf.gz
/usr/share/fonts/misc/7x13B-ISO8859-11.pcf.gz
/usr/share/fonts/misc/7x13B-ISO8859-13.pcf.gz
/usr/share/fonts/misc/7x13B-ISO8859-14.pcf.gz
/usr/share/fonts/misc/7x13B-ISO8859-15.pcf.gz
/usr/share/fonts/misc/7x13B-ISO8859-16.pcf.gz
/usr/share/fonts/misc/7x13B-ISO8859-2.pcf.gz
/usr/share/fonts/misc/7x13B-ISO8859-3.pcf.gz
/usr/share/fonts/misc/7x13B-ISO8859-4.pcf.gz
/usr/share/fonts/misc/7x13B-ISO8859-5.pcf.gz
/usr/share/fonts/misc/7x13B-ISO8859-7.pcf.gz
/usr/share/fonts/misc/7x13B-ISO8859-8.pcf.gz
/usr/share/fonts/misc/7x13B-ISO8859-9.pcf.gz
/usr/share/fonts/misc/7x13B.pcf.gz
/usr/share/fonts/misc/7x13O-ISO8859-1.pcf.gz
/usr/share/fonts/misc/7x13O-ISO8859-10.pcf.gz
/usr/share/fonts/misc/7x13O-ISO8859-11.pcf.gz
/usr/share/fonts/misc/7x13O-ISO8859-13.pcf.gz
/usr/share/fonts/misc/7x13O-ISO8859-14.pcf.gz
/usr/share/fonts/misc/7x13O-ISO8859-15.pcf.gz
/usr/share/fonts/misc/7x13O-ISO8859-16.pcf.gz
/usr/share/fonts/misc/7x13O-ISO8859-2.pcf.gz
/usr/share/fonts/misc/7x13O-ISO8859-3.pcf.gz
/usr/share/fonts/misc/7x13O-ISO8859-4.pcf.gz
/usr/share/fonts/misc/7x13O-ISO8859-5.pcf.gz
/usr/share/fonts/misc/7x13O-ISO8859-7.pcf.gz
/usr/share/fonts/misc/7x13O-ISO8859-9.pcf.gz
/usr/share/fonts/misc/7x13O.pcf.gz
/usr/share/fonts/misc/7x14-ISO8859-1.pcf.gz
/usr/share/fonts/misc/7x14-ISO8859-10.pcf.gz
/usr/share/fonts/misc/7x14-ISO8859-11.pcf.gz
/usr/share/fonts/misc/7x14-ISO8859-13.pcf.gz
/usr/share/fonts/misc/7x14-ISO8859-14.pcf.gz
/usr/share/fonts/misc/7x14-ISO8859-15.pcf.gz
/usr/share/fonts/misc/7x14-ISO8859-16.pcf.gz
/usr/share/fonts/misc/7x14-ISO8859-2.pcf.gz
/usr/share/fonts/misc/7x14-ISO8859-3.pcf.gz
/usr/share/fonts/misc/7x14-ISO8859-4.pcf.gz
/usr/share/fonts/misc/7x14-ISO8859-5.pcf.gz
/usr/share/fonts/misc/7x14-ISO8859-7.pcf.gz
/usr/share/fonts/misc/7x14-ISO8859-8.pcf.gz
/usr/share/fonts/misc/7x14-ISO8859-9.pcf.gz
/usr/share/fonts/misc/7x14-JISX0201.1976-0.pcf.gz
/usr/share/fonts/misc/7x14-KOI8-R.pcf.gz
/usr/share/fonts/misc/7x14.pcf.gz
/usr/share/fonts/misc/7x14B-ISO8859-1.pcf.gz
/usr/share/fonts/misc/7x14B-ISO8859-10.pcf.gz
/usr/share/fonts/misc/7x14B-ISO8859-11.pcf.gz
/usr/share/fonts/misc/7x14B-ISO8859-13.pcf.gz
/usr/share/fonts/misc/7x14B-ISO8859-14.pcf.gz
/usr/share/fonts/misc/7x14B-ISO8859-15.pcf.gz
/usr/share/fonts/misc/7x14B-ISO8859-16.pcf.gz
/usr/share/fonts/misc/7x14B-ISO8859-2.pcf.gz
/usr/share/fonts/misc/7x14B-ISO8859-3.pcf.gz
/usr/share/fonts/misc/7x14B-ISO8859-4.pcf.gz
/usr/share/fonts/misc/7x14B-ISO8859-5.pcf.gz
/usr/share/fonts/misc/7x14B-ISO8859-7.pcf.gz
/usr/share/fonts/misc/7x14B-ISO8859-8.pcf.gz
/usr/share/fonts/misc/7x14B-ISO8859-9.pcf.gz
/usr/share/fonts/misc/7x14B.pcf.gz
/usr/share/fonts/misc/8x13-ISO8859-1.pcf.gz
/usr/share/fonts/misc/8x13-ISO8859-10.pcf.gz
/usr/share/fonts/misc/8x13-ISO8859-13.pcf.gz
/usr/share/fonts/misc/8x13-ISO8859-14.pcf.gz
/usr/share/fonts/misc/8x13-ISO8859-15.pcf.gz
/usr/share/fonts/misc/8x13-ISO8859-16.pcf.gz
/usr/share/fonts/misc/8x13-ISO8859-2.pcf.gz
/usr/share/fonts/misc/8x13-ISO8859-3.pcf.gz
/usr/share/fonts/misc/8x13-ISO8859-4.pcf.gz
/usr/share/fonts/misc/8x13-ISO8859-5.pcf.gz
/usr/share/fonts/misc/8x13-ISO8859-7.pcf.gz
/usr/share/fonts/misc/8x13-ISO8859-8.pcf.gz
/usr/share/fonts/misc/8x13-ISO8859-9.pcf.gz
/usr/share/fonts/misc/8x13-KOI8-R.pcf.gz
/usr/share/fonts/misc/8x13.pcf.gz
/usr/share/fonts/misc/8x13B-ISO8859-1.pcf.gz
/usr/share/fonts/misc/8x13B-ISO8859-10.pcf.gz
/usr/share/fonts/misc/8x13B-ISO8859-13.pcf.gz
/usr/share/fonts/misc/8x13B-ISO8859-14.pcf.gz
/usr/share/fonts/misc/8x13B-ISO8859-15.pcf.gz
/usr/share/fonts/misc/8x13B-ISO8859-16.pcf.gz
/usr/share/fonts/misc/8x13B-ISO8859-2.pcf.gz
/usr/share/fonts/misc/8x13B-ISO8859-3.pcf.gz
/usr/share/fonts/misc/8x13B-ISO8859-4.pcf.gz
/usr/share/fonts/misc/8x13B-ISO8859-5.pcf.gz
/usr/share/fonts/misc/8x13B-ISO8859-7.pcf.gz
/usr/share/fonts/misc/8x13B-ISO8859-8.pcf.gz
/usr/share/fonts/misc/8x13B-ISO8859-9.pcf.gz
/usr/share/fonts/misc/8x13B.pcf.gz
/usr/share/fonts/misc/8x13O-ISO8859-1.pcf.gz
/usr/share/fonts/misc/8x13O-ISO8859-10.pcf.gz
/usr/share/fonts/misc/8x13O-ISO8859-13.pcf.gz
/usr/share/fonts/misc/8x13O-ISO8859-14.pcf.gz
/usr/share/fonts/misc/8x13O-ISO8859-15.pcf.gz
/usr/share/fonts/misc/8x13O-ISO8859-16.pcf.gz
/usr/share/fonts/misc/8x13O-ISO8859-2.pcf.gz
/usr/share/fonts/misc/8x13O-ISO8859-3.pcf.gz
/usr/share/fonts/misc/8x13O-ISO8859-4.pcf.gz
/usr/share/fonts/misc/8x13O-ISO8859-5.pcf.gz
/usr/share/fonts/misc/8x13O-ISO8859-7.pcf.gz
/usr/share/fonts/misc/8x13O-ISO8859-9.pcf.gz
/usr/share/fonts/misc/8x13O.pcf.gz
/usr/share/fonts/misc/9x15-ISO8859-1.pcf.gz
/usr/share/fonts/misc/9x15-ISO8859-10.pcf.gz
/usr/share/fonts/misc/9x15-ISO8859-11.pcf.gz
/usr/share/fonts/misc/9x15-ISO8859-13.pcf.gz
/usr/share/fonts/misc/9x15-ISO8859-14.pcf.gz
/usr/share/fonts/misc/9x15-ISO8859-15.pcf.gz
/usr/share/fonts/misc/9x15-ISO8859-16.pcf.gz
/usr/share/fonts/misc/9x15-ISO8859-2.pcf.gz
/usr/share/fonts/misc/9x15-ISO8859-3.pcf.gz
/usr/share/fonts/misc/9x15-ISO8859-4.pcf.gz
/usr/share/fonts/misc/9x15-ISO8859-5.pcf.gz
/usr/share/fonts/misc/9x15-ISO8859-7.pcf.gz
/usr/share/fonts/misc/9x15-ISO8859-8.pcf.gz
/usr/share/fonts/misc/9x15-ISO8859-9.pcf.gz
/usr/share/fonts/misc/9x15-KOI8-R.pcf.gz
/usr/share/fonts/misc/9x15.pcf.gz
/usr/share/fonts/misc/9x15B-ISO8859-1.pcf.gz
/usr/share/fonts/misc/9x15B-ISO8859-10.pcf.gz
/usr/share/fonts/misc/9x15B-ISO8859-11.pcf.gz
/usr/share/fonts/misc/9x15B-ISO8859-13.pcf.gz
/usr/share/fonts/misc/9x15B-ISO8859-14.pcf.gz
/usr/share/fonts/misc/9x15B-ISO8859-15.pcf.gz
/usr/share/fonts/misc/9x15B-ISO8859-16.pcf.gz
/usr/share/fonts/misc/9x15B-ISO8859-2.pcf.gz
/usr/share/fonts/misc/9x15B-ISO8859-3.pcf.gz
/usr/share/fonts/misc/9x15B-ISO8859-4.pcf.gz
/usr/share/fonts/misc/9x15B-ISO8859-5.pcf.gz
/usr/share/fonts/misc/9x15B-ISO8859-7.pcf.gz
/usr/share/fonts/misc/9x15B-ISO8859-8.pcf.gz
/usr/share/fonts/misc/9x15B-ISO8859-9.pcf.gz
/usr/share/fonts/misc/9x15B.pcf.gz
/usr/share/fonts/misc/9x18-ISO8859-1.pcf.gz
/usr/share/fonts/misc/9x18-ISO8859-10.pcf.gz
/usr/share/fonts/misc/9x18-ISO8859-11.pcf.gz
/usr/share/fonts/misc/9x18-ISO8859-13.pcf.gz
/usr/share/fonts/misc/9x18-ISO8859-14.pcf.gz
/usr/share/fonts/misc/9x18-ISO8859-15.pcf.gz
/usr/share/fonts/misc/9x18-ISO8859-16.pcf.gz
/usr/share/fonts/misc/9x18-ISO8859-2.pcf.gz
/usr/share/fonts/misc/9x18-ISO8859-3.pcf.gz
/usr/share/fonts/misc/9x18-ISO8859-4.pcf.gz
/usr/share/fonts/misc/9x18-ISO8859-5.pcf.gz
/usr/share/fonts/misc/9x18-ISO8859-7.pcf.gz
/usr/share/fonts/misc/9x18-ISO8859-8.pcf.gz
/usr/share/fonts/misc/9x18-ISO8859-9.pcf.gz
/usr/share/fonts/misc/9x18-KOI8-R.pcf.gz
/usr/share/fonts/misc/9x18.pcf.gz
/usr/share/fonts/misc/9x18B-ISO8859-1.pcf.gz
/usr/share/fonts/misc/9x18B-ISO8859-10.pcf.gz
/usr/share/fonts/misc/9x18B-ISO8859-13.pcf.gz
/usr/share/fonts/misc/9x18B-ISO8859-14.pcf.gz
/usr/share/fonts/misc/9x18B-ISO8859-15.pcf.gz
/usr/share/fonts/misc/9x18B-ISO8859-16.pcf.gz
/usr/share/fonts/misc/9x18B-ISO8859-2.pcf.gz
/usr/share/fonts/misc/9x18B-ISO8859-3.pcf.gz
/usr/share/fonts/misc/9x18B-ISO8859-4.pcf.gz
/usr/share/fonts/misc/9x18B-ISO8859-5.pcf.gz
/usr/share/fonts/misc/9x18B-ISO8859-7.pcf.gz
/usr/share/fonts/misc/9x18B-ISO8859-8.pcf.gz
/usr/share/fonts/misc/9x18B-ISO8859-9.pcf.gz
/usr/share/fonts/misc/9x18B.pcf.gz
/usr/share/fonts/misc/encodings.dir
/usr/share/fonts/misc/fonts.alias
/usr/share/fonts/misc/fonts.dir
/usr/share/fonts/misc/fonts.scale
/usr/share/fonts/misc/k14.pcf.gz
/usr/share/fonts/misc/nil2.pcf.gz
/usr/share/fonts/noto-emoji/.uuid
/usr/share/fonts/noto-emoji/NotoColorEmoji.ttf
/usr/share/fonts/noto-emoji/encodings.dir
/usr/share/fonts/noto-emoji/fonts.dir
/usr/share/fonts/noto-emoji/fonts.scale
/usr/share/fonts/terminus/.uuid
/usr/share/fonts/urw-fonts/.uuid
/usr/share/fonts/urw-fonts/a010013l.afm
/usr/share/fonts/urw-fonts/a010013l.pfb
/usr/share/fonts/urw-fonts/a010013l.pfm
/usr/share/fonts/urw-fonts/a010015l.afm
/usr/share/fonts/urw-fonts/a010015l.pfb
/usr/share/fonts/urw-fonts/a010015l.pfm
/usr/share/fonts/urw-fonts/a010033l.afm
/usr/share/fonts/urw-fonts/a010033l.pfb
/usr/share/fonts/urw-fonts/a010033l.pfm
/usr/share/fonts/urw-fonts/a010035l.afm
/usr/share/fonts/urw-fonts/a010035l.pfb
/usr/share/fonts/urw-fonts/a010035l.pfm
/usr/share/fonts/urw-fonts/b018012l.afm
/usr/share/fonts/urw-fonts/b018012l.pfb
/usr/share/fonts/urw-fonts/b018012l.pfm
/usr/share/fonts/urw-fonts/b018015l.afm
/usr/share/fonts/urw-fonts/b018015l.pfb
/usr/share/fonts/urw-fonts/b018015l.pfm
/usr/share/fonts/urw-fonts/b018032l.afm
/usr/share/fonts/urw-fonts/b018032l.pfb
/usr/share/fonts/urw-fonts/b018032l.pfm
/usr/share/fonts/urw-fonts/b018035l.afm
/usr/share/fonts/urw-fonts/b018035l.pfb
/usr/share/fonts/urw-fonts/b018035l.pfm
/usr/share/fonts/urw-fonts/c059013l.afm
/usr/share/fonts/urw-fonts/c059013l.pfb
/usr/share/fonts/urw-fonts/c059013l.pfm
/usr/share/fonts/urw-fonts/c059016l.afm
/usr/share/fonts/urw-fonts/c059016l.pfb
/usr/share/fonts/urw-fonts/c059016l.pfm
/usr/share/fonts/urw-fonts/c059033l.afm
/usr/share/fonts/urw-fonts/c059033l.pfb
/usr/share/fonts/urw-fonts/c059033l.pfm
/usr/share/fonts/urw-fonts/c059036l.afm
/usr/share/fonts/urw-fonts/c059036l.pfb
/usr/share/fonts/urw-fonts/c059036l.pfm
/usr/share/fonts/urw-fonts/d050000l.afm
/usr/share/fonts/urw-fonts/d050000l.pfb
/usr/share/fonts/urw-fonts/d050000l.pfm
/usr/share/fonts/urw-fonts/encodings.dir
/usr/share/fonts/urw-fonts/fonts.dir
/usr/share/fonts/urw-fonts/fonts.scale
/usr/share/fonts/urw-fonts/n019003l.afm
/usr/share/fonts/urw-fonts/n019003l.pfb
/usr/share/fonts/urw-fonts/n019003l.pfm
/usr/share/fonts/urw-fonts/n019004l.afm
/usr/share/fonts/urw-fonts/n019004l.pfb
/usr/share/fonts/urw-fonts/n019004l.pfm
/usr/share/fonts/urw-fonts/n019023l.afm
/usr/share/fonts/urw-fonts/n019023l.pfb
/usr/share/fonts/urw-fonts/n019023l.pfm
/usr/share/fonts/urw-fonts/n019024l.afm
/usr/share/fonts/urw-fonts/n019024l.pfb
/usr/share/fonts/urw-fonts/n019024l.pfm
/usr/share/fonts/urw-fonts/n019043l.afm
/usr/share/fonts/urw-fonts/n019043l.pfb
/usr/share/fonts/urw-fonts/n019043l.pfm
/usr/share/fonts/urw-fonts/n019044l.afm
/usr/share/fonts/urw-fonts/n019044l.pfb
/usr/share/fonts/urw-fonts/n019044l.pfm
/usr/share/fonts/urw-fonts/n019063l.afm
/usr/share/fonts/urw-fonts/n019063l.pfb
/usr/share/fonts/urw-fonts/n019063l.pfm
/usr/share/fonts/urw-fonts/n019064l.afm
/usr/share/fonts/urw-fonts/n019064l.pfb
/usr/share/fonts/urw-fonts/n019064l.pfm
/usr/share/fonts/urw-fonts/n021003l.afm
/usr/share/fonts/urw-fonts/n021003l.pfb
/usr/share/fonts/urw-fonts/n021003l.pfm
/usr/share/fonts/urw-fonts/n021004l.afm
/usr/share/fonts/urw-fonts/n021004l.pfb
/usr/share/fonts/urw-fonts/n021004l.pfm
/usr/share/fonts/urw-fonts/n021023l.afm
/usr/share/fonts/urw-fonts/n021023l.pfb
/usr/share/fonts/urw-fonts/n021023l.pfm
/usr/share/fonts/urw-fonts/n021024l.afm
/usr/share/fonts/urw-fonts/n021024l.pfb
/usr/share/fonts/urw-fonts/n021024l.pfm
/usr/share/fonts/urw-fonts/n022003l.afm
/usr/share/fonts/urw-fonts/n022003l.pfb
/usr/share/fonts/urw-fonts/n022003l.pfm
/usr/share/fonts/urw-fonts/n022004l.afm
/usr/share/fonts/urw-fonts/n022004l.pfb
/usr/share/fonts/urw-fonts/n022004l.pfm
/usr/share/fonts/urw-fonts/n022023l.afm
/usr/share/fonts/urw-fonts/n022023l.pfb
/usr/share/fonts/urw-fonts/n022023l.pfm
/usr/share/fonts/urw-fonts/n022024l.afm
/usr/share/fonts/urw-fonts/n022024l.pfb
/usr/share/fonts/urw-fonts/n022024l.pfm
/usr/share/fonts/urw-fonts/p052003l.afm
/usr/share/fonts/urw-fonts/p052003l.pfb
/usr/share/fonts/urw-fonts/p052003l.pfm
/usr/share/fonts/urw-fonts/p052004l.afm
/usr/share/fonts/urw-fonts/p052004l.pfb
/usr/share/fonts/urw-fonts/p052004l.pfm
/usr/share/fonts/urw-fonts/p052023l.afm
/usr/share/fonts/urw-fonts/p052023l.pfb
/usr/share/fonts/urw-fonts/p052023l.pfm
/usr/share/fonts/urw-fonts/p052024l.afm
/usr/share/fonts/urw-fonts/p052024l.pfb
/usr/share/fonts/urw-fonts/p052024l.pfm
/usr/share/fonts/urw-fonts/s050000l.afm
/usr/share/fonts/urw-fonts/s050000l.pfb
/usr/share/fonts/urw-fonts/s050000l.pfm
/usr/share/fonts/urw-fonts/z003034l.afm
/usr/share/fonts/urw-fonts/z003034l.pfb
/usr/share/fonts/urw-fonts/z003034l.pfm
